Vivado Simulator v2025.2
Copyright 1986-2022 Xilinx, Inc. All Rights Reserved.
Copyright 2022-2025 Advanced Micro Devices, Inc. All Rights Reserved.
Running: C:/AMDDesignTools/2025.2/Vivado/bin/unwrapped/win64.o/xelab.exe --incr --debug typical --relax --mt 2 -L xil_defaultlib -L unisims_ver -L unimacro_ver -L secureip --snapshot tb_ai_engine_behav xil_defaultlib.tb_ai_engine xil_defaultlib.glbl -log elaborate.log 
Using 2 slave threads.
Starting static elaboration
Pass Through NonSizing Optimizer
Completed static elaboration
Starting simulation data flow analysis
Completed simulation data flow analysis
Time Resolution for simulation is 1ps
Compiling module xil_defaultlib.accelerator_fsm
Compiling module xil_defaultlib.sram_buffer
Compiling module xil_defaultlib.processing_element
Compiling module xil_defaultlib.systolic_array_default
Compiling module xil_defaultlib.relu_array_default
Compiling module xil_defaultlib.ai_engine_top
Compiling module xil_defaultlib.tb_ai_engine
Compiling module xil_defaultlib.glbl
Built simulation snapshot tb_ai_engine_behav
